<?xml version="1.0" encoding="UTF-8"?>
<testsuite xmlns:xsi="http://www.w3.org/2001/XMLSchema-instance" xsi:noNamespaceSchemaLocation="https://maven.apache.org/surefire/maven-surefire-plugin/xsd/surefire-test-report.xsd" name="TestRunners.TestRunner" time="0.845" tests="3" errors="0" skipped="0" failures="0">
  <properties>
[...]
</properties>
  <testcase name="Order with different quantities #1" classname="Order HP Pen Drive with different quantities" time="0.07"/>
  <testcase name="Order with different quantities #2" classname="Order HP Pen Drive with different quantities" time="0.004"/>
  <testcase name="Order with different quantities #3" classname="Order HP Pen Drive with different quantities" time="0.019"/>
</testsuite>